INFO:root:new boarding fen after white turn: rnbqkbnr/pppppppp/8/8/4P3/8/PPPP1PPP/RNBQKBNR b KQkq - 0 1
INFO:root:new boarding fen after black turn: rnbqkbnr/pp1ppppp/8/2p5/4P3/8/PPPP1PPP/RNBQKBNR w KQkq - 0 2
INFO:root:new boarding fen after white turn: rnbqkbnr/pp1ppppp/8/2p5/4P3/2N5/PPPP1PPP/R1BQKBNR b KQkq - 1 2
INFO:root:new boarding fen after black turn: r1bqkbnr/pp1ppppp/2n5/2p5/4P3/2N5/PPPP1PPP/R1BQKBNR w KQkq - 2 3
INFO:root:new boarding fen after white turn: rnbqkbnr/pp1ppppp/8/2p5/4P3/2N5/PPPP1PPP/R1BQKBNR b KQkq - 1 2
INFO:root:new boarding fen after black turn: rnbqkbnr/pp1ppppp/8/2p5/4P3/8/PPPP1PPP/RNBQKBNR w KQkq - 0 2
INFO:root:new boarding fen after white turn: rnbqkbnr/pp1ppppp/8/2p5/4P3/2P5/PP1P1PPP/RNBQKBNR b KQkq - 0 2
INFO:root:new boarding fen after black turn: rnbqkb1r/pp1ppppp/5n2/2p5/4P3/2P5/PP1P1PPP/RNBQKBNR w KQkq - 1 3
INFO:root:new boarding fen after white turn: rnbqkbnr/pp1ppppp/8/2p5/4P3/2P5/PP1P1PPP/RNBQKBNR b KQkq - 0 2
INFO:root:new boarding fen after black turn: rnbqkbnr/pp1ppppp/8/2p5/4P3/8/PPPP1PPP/RNBQKBNR w KQkq - 0 2
INFO:root:new boarding fen after white turn: rnbqkbnr/pp1ppppp/8/2p5/4P3/3P4/PPP2PPP/RNBQKBNR b KQkq - 0 2
INFO:root:new boarding fen after black turn: r1bqkbnr/pp1ppppp/2n5/2p5/4P3/3P4/PPP2PPP/RNBQKBNR w KQkq - 1 3
INFO:root:new boarding fen after white turn: r1bqkbnr/pp1ppppp/2n5/2p5/4P3/3P1N2/PPP2PPP/RNBQKB1R b KQkq - 2 3
INFO:root:new boarding fen after black turn: r1bqkb1r/pp1ppppp/2n2n2/2p5/4P3/3P1N2/PPP2PPP/RNBQKB1R w KQkq - 3 4
INFO:root:new boarding fen after white turn: r1bqkb1r/pp1ppppp/2n2n2/2p5/4P3/3P1NP1/PPP2P1P/RNBQKB1R b KQkq - 0 4
INFO:root:new boarding fen after black turn: r1bqkb1r/pp2pppp/2n2n2/2pp4/4P3/3P1NP1/PPP2P1P/RNBQKB1R w KQkq - 0 5
INFO:root:new boarding fen after white turn: r1bqkb1r/pp2pppp/2n2n2/2pp4/4P3/3P1NP1/PPPN1P1P/R1BQKB1R b KQkq - 1 5
INFO:root:new boarding fen after black turn: r1bqkb1r/pp2pppp/2n2n2/2p5/4p3/3P1NP1/PPPN1P1P/R1BQKB1R w KQkq - 0 6
INFO:root:new boarding fen after white turn: r1bqkb1r/pp2pppp/2n2n2/2p5/4P3/5NP1/PPPN1P1P/R1BQKB1R b KQkq - 0 6
INFO:root:new boarding fen after black turn: r2qkb1r/pp2pppp/2n2n2/2p5/4P1b1/5NP1/PPPN1P1P/R1BQKB1R w KQkq - 1 7
INFO:root:new boarding fen after white turn: r2qkb1r/pp2pppp/2n2n2/2p5/4P1b1/5NPP/PPPN1P2/R1BQKB1R b KQkq - 0 7
INFO:root:new boarding fen after black turn: r2qkb1r/pp2pppp/2n2n2/2p5/4P3/5bPP/PPPN1P2/R1BQKB1R w KQkq - 0 8
INFO:root:new boarding fen after white turn: r2qkb1r/pp2pppp/2n2n2/2p5/4P3/5QPP/PPPN1P2/R1B1KB1R b KQkq - 0 8
INFO:root:new boarding fen after black turn: r2qkb1r/pp2pppp/2n2n2/2p5/4P3/5bPP/PPPN1P2/R1BQKB1R w KQkq - 0 8
INFO:root:new boarding fen after white turn: r2qkb1r/pp2pppp/2n2n2/2p5/4P1b1/5NPP/PPPN1P2/R1BQKB1R b KQkq - 0 7
INFO:root:new boarding fen after black turn: r2qkb1r/pp2pppp/2n2n2/2p4b/4P3/5NPP/PPPN1P2/R1BQKB1R w KQkq - 1 8
INFO:root:new boarding fen after white turn: r2qkb1r/pp2pppp/2n2n2/1Bp4b/4P3/5NPP/PPPN1P2/R1BQK2R b KQkq - 2 8
INFO:root:new boarding fen after black turn: r2qkb1r/pp2pppp/2n5/1Bp4b/4n3/5NPP/PPPN1P2/R1BQK2R w KQkq - 0 9
INFO:root:new boarding fen after white turn: r2qkb1r/pp2pppp/2n5/1Bp4b/4n3/5NPP/PPPNQP2/R1B1K2R b KQkq - 1 9
INFO:root:new boarding fen after black turn: r2qkb1r/pp2pppp/2n5/1Bp4b/8/5NPP/PPPnQP2/R1B1K2R w KQkq - 0 10
INFO:root:new boarding fen after white turn: r2qkb1r/pp2pppp/2n5/1Bp4b/8/5NPP/PPPBQP2/R3K2R b KQkq - 0 10
INFO:root:new boarding fen after black turn: r3kb1r/pp2pppp/2n5/1Bpq3b/8/5NPP/PPPBQP2/R3K2R w KQkq - 1 11
INFO:root:new boarding fen after white turn: r3kb1r/pp2pppp/2n5/1Bpq3b/6P1/5N1P/PPPBQP2/R3K2R b KQkq - 0 11
INFO:root:new boarding fen after black turn: r3kb1r/pp2pppp/2n3b1/1Bpq4/6P1/5N1P/PPPBQP2/R3K2R w KQkq - 1 12
INFO:root:new boarding fen after white turn: r3kb1r/pp2pppp/2n3b1/2pq4/2B3P1/5N1P/PPPBQP2/R3K2R b KQkq - 2 12
INFO:root:new boarding fen after black turn: r3kb1r/pp2pppp/2nq2b1/2p5/2B3P1/5N1P/PPPBQP2/R3K2R w KQkq - 3 13
INFO:root:new boarding fen after white turn: r3kb1r/pp2pppp/2nq2b1/2p5/2B3P1/5N1P/PPPBQP2/2KR3R b kq - 4 13
INFO:root:new boarding fen after black turn: r3kb1r/pp3ppp/2nqp1b1/2p5/2B3P1/5N1P/PPPBQP2/2KR3R w kq - 0 14
INFO:root:new boarding fen after white turn: r3kb1r/pp3ppp/2nqp1b1/2p3B1/2B3P1/5N1P/PPP1QP2/2KR3R b kq - 1 14
INFO:root:new boarding fen after black turn: r3kb1r/pp3ppp/3qp1b1/2p3B1/2Bn2P1/5N1P/PPP1QP2/2KR3R w kq - 2 15
INFO:root:new boarding fen after white turn: r3kb1r/pp3ppp/3qp1b1/1Bp3B1/3n2P1/5N1P/PPP1QP2/2KR3R b kq - 3 15
INFO:root:new boarding fen after black turn: r3kb1r/pp3ppp/3qp1b1/1np3B1/6P1/5N1P/PPP1QP2/2KR3R w kq - 0 16
INFO:root:new boarding fen after white turn: r3kb1r/pp3ppp/3qp1b1/1Bp3B1/3n2P1/5N1P/PPP1QP2/2KR3R b kq - 3 15
INFO:root:new boarding fen after black turn: r3kb1r/pp3ppp/3qp1b1/2p3B1/2Bn2P1/5N1P/PPP1QP2/2KR3R w kq - 2 15
INFO:root:new boarding fen after white turn: r3kb1r/pp3ppp/3qp1b1/1Bp3B1/3n2P1/5N1P/PPP1QP2/2KR3R b kq - 3 15
INFO:root:new boarding fen after black turn: r3kb1r/pp3ppp/3qp1b1/1np3B1/6P1/5N1P/PPP1QP2/2KR3R w kq - 0 16
INFO:root:new boarding fen after white turn: r3kb1r/pp3ppp/3Rp1b1/1np3B1/6P1/5N1P/PPP1QP2/2K4R b kq - 0 16
INFO:root:new boarding fen after black turn: r3kb1r/pp3ppp/3np1b1/2p3B1/6P1/5N1P/PPP1QP2/2K4R w kq - 0 17
INFO:root:new boarding fen after white turn: r3kb1r/pp3ppp/3np1b1/2p3B1/6P1/5N1P/PPP1QP2/2KR4 b kq - 1 17
INFO:root:new boarding fen after black turn: r3kb1r/pp3pp1/3np1bp/2p3B1/6P1/5N1P/PPP1QP2/2KR4 w kq - 0 18
INFO:root:new boarding fen after white turn: r3kb1r/pp3pp1/3np1bp/2p5/6PB/5N1P/PPP1QP2/2KR4 b kq - 1 18
INFO:root:new boarding fen after black turn: r3kb1r/pp3pp1/3np2p/2p5/4b1PB/5N1P/PPP1QP2/2KR4 w kq - 2 19
INFO:root:new boarding fen after white turn: r3kb1r/pp3pp1/3np2p/2p1N3/4b1PB/7P/PPP1QP2/2KR4 b kq - 3 19
INFO:root:new boarding fen after black turn: r3kb1r/pp4p1/3npp1p/2p1N3/4b1PB/7P/PPP1QP2/2KR4 w kq - 0 20
INFO:root:new boarding fen after white turn: r3kb1r/pp4p1/3nppNp/2p5/4b1PB/7P/PPP1QP2/2KR4 b kq - 1 20
INFO:root:new boarding fen after black turn: r3kb1r/pp4p1/3npp1p/2p1N3/4b1PB/7P/PPP1QP2/2KR4 w kq - 0 20
INFO:root:new boarding fen after white turn: r3kb1r/pp3pp1/3np2p/2p1N3/4b1PB/7P/PPP1QP2/2KR4 b kq - 3 19
INFO:root:new boarding fen after black turn: r3kb1r/pp4p1/3npp1p/2p1N3/4b1PB/7P/PPP1QP2/2KR4 w kq - 0 20
INFO:root:new boarding fen after white turn: r3kb1r/pp4p1/3nppNp/2p5/4b1PB/7P/PPP1QP2/2KR4 b kq - 1 20
INFO:root:new boarding fen after black turn: r3kb1r/pp4p1/3nppbp/2p5/6PB/7P/PPP1QP2/2KR4 w kq - 0 21
INFO:root:new boarding fen after white turn: r3kb1r/pp4p1/3nQpbp/2p5/6PB/7P/PPP2P2/2KR4 b kq - 0 21
INFO:root:new boarding fen after black turn: r3k2r/pp2b1p1/3nQpbp/2p5/6PB/7P/PPP2P2/2KR4 w kq - 1 22
INFO:root:new boarding fen after white turn: r3k2r/pp2b1p1/3RQpbp/2p5/6PB/7P/PPP2P2/2K5 b kq - 0 22
INFO:root:new boarding fen after black turn: 3rk2r/pp2b1p1/3RQpbp/2p5/6PB/7P/PPP2P2/2K5 w k - 1 23
INFO:root:new boarding fen after white turn: r3k2r/pp2b1p1/3RQpbp/2p5/6PB/7P/PPP2P2/2K5 b kq - 0 22
INFO:root:new boarding fen after black turn: 3rk2r/pp2b1p1/3RQpbp/2p5/6PB/7P/PPP2P2/2K5 w k - 1 23
INFO:root:new boarding fen after white turn: 3rk2r/pp2b1p1/3RQpbp/2p5/6P1/6BP/PPP2P2/2K5 b k - 2 23
INFO:root:new boarding fen after black turn: 3rk2r/pp2b1p1/3RQpbp/2p5/6PB/7P/PPP2P2/2K5 w k - 1 23
INFO:root:new boarding fen after white turn: 3rk2r/pp2b1p1/3RQpbp/2p5/6P1/6BP/PPP2P2/2K5 b k - 2 23
INFO:root:new boarding fen after black turn: 3rk2r/pp2b1p1/3RQpbp/2p5/6PB/7P/PPP2P2/2K5 w k - 1 23
INFO:root:new boarding fen after white turn: r3k2r/pp2b1p1/3RQpbp/2p5/6PB/7P/PPP2P2/2K5 b kq - 0 22
INFO:root:new boarding fen after black turn: 3rk2r/pp2b1p1/3RQpbp/2p5/6PB/7P/PPP2P2/2K5 w k - 1 23
INFO:root:new boarding fen after white turn: 3rk2r/pp2b1p1/3RQpbp/2p5/6P1/6BP/PPP2P2/2K5 b k - 2 23
INFO:root:new boarding fen after black turn: 3rk2r/pp2bbp1/3RQp1p/2p5/6P1/6BP/PPP2P2/2K5 w k - 3 24
INFO:root:new boarding fen after white turn: 3rk2r/pp2bbp1/3R1p1p/2p5/6P1/6BP/PPP1QP2/2K5 b k - 4 24
INFO:root:new boarding fen after black turn: 3r1rk1/pp2bbp1/3R1p1p/2p5/6P1/6BP/PPP1QP2/2K5 w - - 5 25
INFO:root:new boarding fen after white turn: 3r1rk1/pp2Qbp1/3R1p1p/2p5/6P1/6BP/PPP2P2/2K5 b - - 0 25
INFO:root:new boarding fen after black turn: 4rrk1/pp2Qbp1/3R1p1p/2p5/6P1/6BP/PPP2P2/2K5 w - - 1 26
INFO:root:new boarding fen after white turn: 4rrk1/pQ3bp1/3R1p1p/2p5/6P1/6BP/PPP2P2/2K5 b - - 0 26
INFO:root:new boarding fen after black turn: 5rk1/pQ3bp1/3R1p1p/2p5/6P1/6BP/PPP2P2/2K1r3 w - - 1 27
INFO:root:new boarding fen after white turn: 5rk1/pQ3bp1/3R1p1p/2p5/6P1/6BP/PPPK1P2/4r3 b - - 2 27
INFO:root:new boarding fen after black turn: 4r1k1/pQ3bp1/3R1p1p/2p5/6P1/6BP/PPPK1P2/4r3 w - - 3 28
INFO:root:new boarding fen after white turn: 4r1k1/pQ1R1bp1/5p1p/2p5/6P1/6BP/PPPK1P2/4r3 b - - 4 28
INFO:root:new boarding fen after black turn: 6k1/pQ1R1bp1/5p1p/2p5/6P1/6BP/PPPKrP2/4r3 w - - 5 29
INFO:root:new boarding fen after white turn: 6k1/pQ1R1bp1/5p1p/2p5/6P1/2K3BP/PPP1rP2/4r3 b - - 6 29
INFO:root:new boarding fen after black turn: 6k1/pQ1Rrbp1/5p1p/2p5/6P1/2K3BP/PPP2P2/4r3 w - - 7 30
INFO:root:new boarding fen after white turn: 6k1/pQ2Rbp1/5p1p/2p5/6P1/2K3BP/PPP2P2/4r3 b - - 0 30
INFO:root:new boarding fen after black turn: 6k1/pQ2rbp1/5p1p/2p5/6P1/2K3BP/PPP2P2/8 w - - 0 31
INFO:root:new boarding fen after white turn: 6k1/p3Qbp1/5p1p/2p5/6P1/2K3BP/PPP2P2/8 b - - 0 31
INFO:root:new boarding fen after black turn: 6k1/4Qbp1/5p1p/p1p5/6P1/2K3BP/PPP2P2/8 w - - 0 32
INFO:root:new boarding fen after white turn: 6k1/p3Qbp1/5p1p/2p5/6P1/2K3BP/PPP2P2/8 b - - 0 31
INFO:root:new boarding fen after black turn: 6k1/pQ2rbp1/5p1p/2p5/6P1/2K3BP/PPP2P2/8 w - - 0 31
INFO:root:new boarding fen after white turn: 6k1/p3Qbp1/5p1p/2p5/6P1/2K3BP/PPP2P2/8 b - - 0 31
INFO:root:new boarding fen after black turn: 6k1/p3Q1p1/5p1p/2p5/6P1/2K3BP/bPP2P2/8 w - - 0 32
INFO:root:new boarding fen after white turn: 6k1/Q5p1/5p1p/2p5/6P1/2K3BP/bPP2P2/8 b - - 0 32
INFO:root:new boarding fen after black turn: 6k1/Q5p1/4bp1p/2p5/6P1/2K3BP/1PP2P2/8 w - - 1 33
INFO:root:new boarding fen after white turn: 6k1/6p1/4bp1p/2Q5/6P1/2K3BP/1PP2P2/8 b - - 0 33
INFO:root:new boarding fen after black turn: 6k1/5bp1/5p1p/2Q5/6P1/2K3BP/1PP2P2/8 w - - 1 34
INFO:root:new boarding fen after white turn: 6k1/5bp1/3B1p1p/2Q5/6P1/2K4P/1PP2P2/8 b - - 2 34
INFO:root:new boarding fen after black turn: 6k1/5b2/3B1p1p/2Q3p1/6P1/2K4P/1PP2P2/8 w - - 0 35
INFO:root:new boarding fen after white turn: 5Bk1/5b2/5p1p/2Q3p1/6P1/2K4P/1PP2P2/8 b - - 1 35
INFO:root:new boarding fen after black turn: 5Bk1/8/5pbp/2Q3p1/6P1/2K4P/1PP2P2/8 w - - 2 36
INFO:root:new boarding fen after white turn: 6k1/8/5pbB/2Q3p1/6P1/2K4P/1PP2P2/8 b - - 0 36
INFO:root:new boarding fen after black turn: 8/5k2/5pbB/2Q3p1/6P1/2K4P/1PP2P2/8 w - - 1 37
INFO:root:new boarding fen after white turn: 6k1/8/5pbB/2Q3p1/6P1/2K4P/1PP2P2/8 b - - 0 36
INFO:root:new boarding fen after black turn: 8/7k/5pbB/2Q3p1/6P1/2K4P/1PP2P2/8 w - - 1 37
INFO:root:new boarding fen after white turn: 5Q2/7k/5pbB/6p1/6P1/2K4P/1PP2P2/8 b - - 2 37
INFO:root:new boarding fen after black turn: 5Q2/7k/6bB/5pp1/6P1/2K4P/1PP2P2/8 w - - 0 38
INFO:root:new boarding fen after white turn: 8/6Qk/6bB/5pp1/6P1/2K4P/1PP2P2/8 b - - 1 38
INFO:root:new boarding fen after white turn: rnbqkbnr/pppppppp/8/8/4P3/8/PPPP1PPP/RNBQKBNR b KQkq - 0 1
INFO:root:new boarding fen after black turn: rnbqkbnr/pp1ppppp/8/2p5/4P3/8/PPPP1PPP/RNBQKBNR w KQkq - 0 2
INFO:root:new boarding fen after white turn: rnbqkbnr/pp1ppppp/8/2p5/4P3/5N2/PPPP1PPP/RNBQKB1R b KQkq - 1 2
INFO:root:new boarding fen after black turn: rnbqkbnr/pp2pppp/3p4/2p5/4P3/5N2/PPPP1PPP/RNBQKB1R w KQkq - 0 3
INFO:root:new boarding fen after white turn: rnbqkbnr/pp2pppp/3p4/2p5/3PP3/5N2/PPP2PPP/RNBQKB1R b KQkq - 0 3
INFO:root:new boarding fen after black turn: rnbqkbnr/pp2pppp/3p4/8/3pP3/5N2/PPP2PPP/RNBQKB1R w KQkq - 0 4
INFO:root:new boarding fen after white turn: rnbqkbnr/pp2pppp/3p4/8/3NP3/8/PPP2PPP/RNBQKB1R b KQkq - 0 4
INFO:root:new boarding fen after black turn: r1bqkbnr/pp2pppp/2np4/8/3NP3/8/PPP2PPP/RNBQKB1R w KQkq - 1 5
INFO:root:new boarding fen after white turn: r1bqkbnr/pp2pppp/2np4/8/3NP3/2P5/PP3PPP/RNBQKB1R b KQkq - 0 5
INFO:root:new boarding fen after black turn: r1bqkbnr/pp2pp1p/2np2p1/8/3NP3/2P5/PP3PPP/RNBQKB1R w KQkq - 0 6
INFO:root:new boarding fen after white turn: r1bqkbnr/pp2pp1p/2np2p1/8/3NP3/2PB4/PP3PPP/RNBQK2R b KQkq - 1 6
INFO:root:new boarding fen after black turn: r1bqkb1r/pp2pp1p/2np1np1/8/3NP3/2PB4/PP3PPP/RNBQK2R w KQkq - 2 7
INFO:root:new boarding fen after white turn: r1bqkb1r/pp2pp1p/2np1np1/8/3NP3/2PB4/PP3PPP/RNBQ1RK1 b kq - 3 7
INFO:root:new boarding fen after black turn: r1bqk2r/pp2ppbp/2np1np1/8/3NP3/2PB4/PP3PPP/RNBQ1RK1 w kq - 4 8
INFO:root:new boarding fen after white turn: r1bqk2r/pp2ppbp/2np1np1/8/3NP3/2PB4/PP3PPP/RNBQR1K1 b kq - 5 8
INFO:root:new boarding fen after black turn: r1bq1rk1/pp2ppbp/2np1np1/8/3NP3/2PB4/PP3PPP/RNBQR1K1 w - - 6 9
INFO:root:new boarding fen after white turn: r1bq1rk1/pp2ppbp/2np1np1/8/3NP3/2PB3P/PP3PP1/RNBQR1K1 b - - 0 9
INFO:root:new boarding fen after black turn: r1bq1rk1/pp3pbp/2np1np1/4p3/3NP3/2PB3P/PP3PP1/RNBQR1K1 w - - 0 10
INFO:root:new boarding fen after white turn: r1bq1rk1/pp3pbp/2np1np1/4p3/4P3/2PB1N1P/PP3PP1/RNBQR1K1 b - - 1 10
INFO:root:new boarding fen after black turn: r1bq1rk1/pp3pbp/2n2np1/3pp3/4P3/2PB1N1P/PP3PP1/RNBQR1K1 w - - 0 11
INFO:root:new boarding fen after white turn: r1bq1rk1/pp3pbp/2n2np1/3Pp3/8/2PB1N1P/PP3PP1/RNBQR1K1 b - - 0 11
INFO:root:new boarding fen after black turn: r1b2rk1/pp3pbp/2n2np1/3qp3/8/2PB1N1P/PP3PP1/RNBQR1K1 w - - 0 12
INFO:root:new boarding fen after white turn: r1b2rk1/pp3pbp/2n2np1/3qp3/2P5/3B1N1P/PP3PP1/RNBQR1K1 b - - 0 12
INFO:root:new boarding fen after black turn: r1b2rk1/pp3pbp/2n2np1/q3p3/2P5/3B1N1P/PP3PP1/RNBQR1K1 w - - 1 13
INFO:root:new boarding fen after white turn: r1b2rk1/pp3pbp/2n2np1/q3p3/2P5/3B1N1P/PP1B1PP1/RN1QR1K1 b - - 2 13
INFO:root:new boarding fen after black turn: r1bq1rk1/pp3pbp/2n2np1/4p3/2P5/3B1N1P/PP1B1PP1/RN1QR1K1 w - - 3 14
INFO:root:new boarding fen after white turn: r1bq1rk1/pp3pbp/2n2np1/4p3/2P5/3B1N1P/PP1B1PP1/RNQ1R1K1 b - - 4 14
INFO:root:new boarding fen after black turn: r1bq1rk1/pp3pbp/2n2np1/4p3/2P5/3B1N1P/PP1B1PP1/RN1QR1K1 w - - 3 14
INFO:root:new boarding fen after white turn: r1bq1rk1/pp3pbp/2n2np1/4p1B1/2P5/3B1N1P/PP3PP1/RN1QR1K1 b - - 4 14
INFO:root:new boarding fen after black turn: r1bq1rk1/pp3pbp/2n2np1/6B1/2P1p3/3B1N1P/PP3PP1/RN1QR1K1 w - - 0 15
INFO:root:new boarding fen after white turn: r1bq1rk1/pp3pbp/2n2np1/6B1/2P1R3/3B1N1P/PP3PP1/RN1Q2K1 b - - 0 15
INFO:root:new boarding fen after black turn: r1bq1rk1/pp3pbp/2n2np1/6B1/2P1p3/3B1N1P/PP3PP1/RN1QR1K1 w - - 0 15
INFO:root:new boarding fen after white turn: r1bq1rk1/pp3pbp/2n2np1/6B1/2P1R3/3B1N1P/PP3PP1/RN1Q2K1 b - - 0 15
INFO:root:new boarding fen after black turn: r1bq1rk1/pp3pbp/2n3p1/6B1/2P1n3/3B1N1P/PP3PP1/RN1Q2K1 w - - 0 16
INFO:root:new boarding fen after white turn: r1bq1rk1/pp3pbp/2n2np1/6B1/2P1R3/3B1N1P/PP3PP1/RN1Q2K1 b - - 0 15
INFO:root:new boarding fen after black turn: r1bq1rk1/pp3pbp/2n2np1/6B1/2P1p3/3B1N1P/PP3PP1/RN1QR1K1 w - - 0 15
INFO:root:new boarding fen after white turn: r1bq1rk1/pp3pbp/2n2np1/6B1/2P1R3/3B1N1P/PP3PP1/RN1Q2K1 b - - 0 15
INFO:root:new boarding fen after black turn: r2q1rk1/pp3pbp/2n2np1/5bB1/2P1R3/3B1N1P/PP3PP1/RN1Q2K1 w - - 1 16
INFO:root:new boarding fen after white turn: r2q1rk1/pp3pbp/2n2np1/5bB1/2P5/3BRN1P/PP3PP1/RN1Q2K1 b - - 2 16
INFO:root:new boarding fen after black turn: r2q1rk1/pp3pbp/5np1/5bB1/1nP5/3BRN1P/PP3PP1/RN1Q2K1 w - - 3 17
INFO:root:new boarding fen after white turn: r2q1rk1/pp3pbp/5np1/5bB1/1nP5/3BR2P/PP3PP1/RN1QN1K1 b - - 4 17
INFO:root:new boarding fen after black turn: r2q1rk1/pp3pbp/5np1/5bB1/1nP5/3BRN1P/PP3PP1/RN1Q2K1 w - - 3 17
INFO:root:new boarding fen after white turn: r2q1rk1/pp3pbp/5np1/5bB1/1nP5/3BR2P/PP3PP1/RN1QN1K1 b - - 4 17
INFO:root:new boarding fen after black turn: r2q1rk1/pp3pbp/5np1/5bB1/2P5/3nR2P/PP3PP1/RN1QN1K1 w - - 0 18
INFO:root:new boarding fen after white turn: r2q1rk1/pp3pbp/5np1/5bB1/2P5/3NR2P/PP3PP1/RN1Q2K1 b - - 0 18
INFO:root:new boarding fen after black turn: r2qr1k1/pp3pbp/5np1/5bB1/2P5/3NR2P/PP3PP1/RN1Q2K1 w - - 1 19
INFO:root:new boarding fen after white turn: r2qR1k1/pp3pbp/5np1/5bB1/2P5/3N3P/PP3PP1/RN1Q2K1 b - - 0 19
INFO:root:new boarding fen after black turn: rnbqkbnr/pppppppp/8/8/8/8/PPPPPPPP/RNBQKBNR w KQkq - 0 1
INFO:root:new boarding fen after black turn: rnbqkbnr/pppppppp/8/8/8/8/PPPPPPPP/RNBQKBNR w KQkq - 0 1
INFO:root:new boarding fen after black turn: rnbqkbnr/pppppppp/8/8/8/8/PPPPPPPP/RNBQKBNR w KQkq - 0 1
INFO:root:new boarding fen after white turn: rnbqkbnr/pppppppp/8/8/4P3/8/PPPP1PPP/RNBQKBNR b KQkq - 0 1
INFO:root:new boarding fen after black turn: rnbqkbnr/pp1ppppp/8/2p5/4P3/8/PPPP1PPP/RNBQKBNR w KQkq - 0 2
INFO:root:new boarding fen after white turn: rnbqkbnr/pp1ppppp/8/2p5/4P3/5N2/PPPP1PPP/RNBQKB1R b KQkq - 1 2
INFO:root:new boarding fen after black turn: rnbqkbnr/pp2pppp/3p4/2p5/4P3/5N2/PPPP1PPP/RNBQKB1R w KQkq - 0 3
INFO:root:new boarding fen after white turn: rnbqkbnr/pp2pppp/3p4/2p5/4P3/2N2N2/PPPP1PPP/R1BQKB1R b KQkq - 1 3
INFO:root:new boarding fen after black turn: rnbqkbnr/pp3ppp/3p4/2p1p3/4P3/2N2N2/PPPP1PPP/R1BQKB1R w KQkq - 0 4
INFO:root:new boarding fen after white turn: rnbqkbnr/pp3ppp/3p4/2p1p3/2B1P3/2N2N2/PPPP1PPP/R1BQK2R b KQkq - 1 4
INFO:root:new boarding fen after black turn: r1bqkbnr/pp3ppp/2np4/2p1p3/2B1P3/2N2N2/PPPP1PPP/R1BQK2R w KQkq - 2 5
INFO:root:new boarding fen after white turn: r1bqkbnr/pp3ppp/2np4/2p1p3/2B1P3/2NP1N2/PPP2PPP/R1BQK2R b KQkq - 0 5
INFO:root:new boarding fen after black turn: r1bqk1nr/pp2bppp/2np4/2p1p3/2B1P3/2NP1N2/PPP2PPP/R1BQK2R w KQkq - 1 6
INFO:root:new boarding fen after white turn: r1bqk1nr/pp2bppp/2np4/2p1p3/2B1P3/2NP1N2/PPP2PPP/R1BQ1RK1 b kq - 2 6
INFO:root:new boarding fen after black turn: r1bqk1nr/pp2bppp/2np4/2p1p3/2B1P3/2NP1N2/PPP2PPP/R1BQK2R w KQkq - 1 6
INFO:root:new boarding fen after white turn: r1bqk1nr/pp2bppp/2np4/2p1p3/2B1P3/2NP1N2/PPP2PPP/R1BQ1RK1 b kq - 2 6
INFO:root:new boarding fen after black turn: r1bqk2r/pp2bppp/2np1n2/2p1p3/2B1P3/2NP1N2/PPP2PPP/R1BQ1RK1 w kq - 3 7
INFO:root:new boarding fen after white turn: r1bqk2r/pp2bppp/2np1n2/2p1p1N1/2B1P3/2NP4/PPP2PPP/R1BQ1RK1 b kq - 4 7
INFO:root:new boarding fen after black turn: r1bq1rk1/pp2bppp/2np1n2/2p1p1N1/2B1P3/2NP4/PPP2PPP/R1BQ1RK1 w - - 5 8
INFO:root:new boarding fen after white turn: r1bq1rk1/pp2bppp/2np1n2/2p1p1N1/2B1PP2/2NP4/PPP3PP/R1BQ1RK1 b - - 0 8
INFO:root:new boarding fen after black turn: r1bq1rk1/pp2bppp/2np1n2/2p3N1/2B1Pp2/2NP4/PPP3PP/R1BQ1RK1 w - - 0 9
INFO:root:new boarding fen after white turn: r1bq1rk1/pp2bppp/2np1n2/2p3N1/2B1PB2/2NP4/PPP3PP/R2Q1RK1 b - - 0 9
INFO:root:new boarding fen after black turn: r1bq1rk1/pp2bpp1/2np1n1p/2p3N1/2B1PB2/2NP4/PPP3PP/R2Q1RK1 w - - 0 10
INFO:root:new boarding fen after white turn: r1bq1rk1/pp2bpp1/2np1n1p/2p5/2B1PB2/2NP1N2/PPP3PP/R2Q1RK1 b - - 1 10
INFO:root:new boarding fen after black turn: r2q1rk1/pp2bpp1/2npbn1p/2p5/2B1PB2/2NP1N2/PPP3PP/R2Q1RK1 w - - 2 11
INFO:root:new boarding fen after white turn: r2q1rk1/pp2bpp1/2npbn1p/2pN4/2B1PB2/3P1N2/PPP3PP/R2Q1RK1 b - - 3 11
INFO:root:new boarding fen after black turn: r2q1rk1/pp2bpp1/2np1n1p/2pb4/2B1PB2/3P1N2/PPP3PP/R2Q1RK1 w - - 0 12
INFO:root:new boarding fen after white turn: r2q1rk1/pp2bpp1/2np1n1p/2pP4/2B2B2/3P1N2/PPP3PP/R2Q1RK1 b - - 0 12
INFO:root:new boarding fen after black turn: r2q1rk1/pp2bpp1/3p1n1p/2pP4/1nB2B2/3P1N2/PPP3PP/R2Q1RK1 w - - 1 13
INFO:root:new boarding fen after white turn: r2q1rk1/pp2bpp1/3p1n1p/2pP4/1nB5/3P1N2/PPPB2PP/R2Q1RK1 b - - 2 13
INFO:root:new boarding fen after black turn: r2q1rk1/pp2bpp1/3p1n1p/2pn4/2B5/3P1N2/PPPB2PP/R2Q1RK1 w - - 0 14
INFO:root:new boarding fen after white turn: r2q1rk1/pp2bpp1/3p1n1p/2pn4/2B4N/3P4/PPPB2PP/R2Q1RK1 b - - 1 14
INFO:root:new boarding fen after black turn: r2q1rk1/ppn1bpp1/3p1n1p/2p5/2B4N/3P4/PPPB2PP/R2Q1RK1 w - - 2 15
INFO:root:new boarding fen after white turn: r2q1rk1/ppn1bpp1/3p1n1p/2p5/2B4N/3P4/PPPB2PP/R3QRK1 b - - 3 15
INFO:root:new boarding fen after black turn: r2q1rk1/ppn1bpp1/5n1p/2pp4/2B4N/3P4/PPPB2PP/R3QRK1 w - - 0 16
INFO:root:new boarding fen after white turn: r2q1rk1/ppn1bpp1/5n1p/2pp1N2/2B5/3P4/PPPB2PP/R3QRK1 b - - 1 16
INFO:root:new boarding fen after black turn: r2q1rk1/pp2bpp1/4nn1p/2pp1N2/2B5/3P4/PPPB2PP/R3QRK1 w - - 2 17
INFO:root:new boarding fen after white turn: r2q1rk1/ppn1bpp1/5n1p/2pp1N2/2B5/3P4/PPPB2PP/R3QRK1 b - - 1 16
INFO:root:new boarding fen after black turn: r2q1rk1/ppn1bpp1/5n1p/2p2N2/2p5/3P4/PPPB2PP/R3QRK1 w - - 0 17
INFO:root:new boarding fen after white turn: r2q1rk1/ppn1Npp1/5n1p/2p5/2p5/3P4/PPPB2PP/R3QRK1 b - - 0 17
INFO:root:new boarding fen after black turn: r2q1r1k/ppn1Npp1/5n1p/2p5/2p5/3P4/PPPB2PP/R3QRK1 w - - 1 18
INFO:root:new boarding fen after white turn: r2q1rk1/ppn1Npp1/5n1p/2p5/2p5/3P4/PPPB2PP/R3QRK1 b - - 0 17
INFO:root:new boarding fen after black turn: r2q1r1k/ppn1Npp1/5n1p/2p5/2p5/3P4/PPPB2PP/R3QRK1 w - - 1 18
INFO:root:new boarding fen after white turn: r2q1r1k/ppn1Npp1/5R1p/2p5/2p5/3P4/PPPB2PP/R3Q1K1 b - - 0 18
INFO:root:new boarding fen after black turn: r2q1r1k/ppn1Np2/5p1p/2p5/2p5/3P4/PPPB2PP/R3Q1K1 w - - 0 19
INFO:root:new boarding fen after white turn: r2q1r1k/ppn1Np2/5p1B/2p5/2p5/3P4/PPP3PP/R3Q1K1 b - - 0 19
INFO:root:new boarding fen after black turn: r2q2rk/ppn1Np2/5p1B/2p5/2p5/3P4/PPP3PP/R3Q1K1 w - - 1 20
INFO:root:new boarding fen after white turn: r2q2rk/ppn1Np2/5p1B/2p5/2p4Q/3P4/PPP3PP/R5K1 b - - 2 20
INFO:root:new boarding fen after black turn: r5rk/ppn1qp2/5p1B/2p5/2p4Q/3P4/PPP3PP/R5K1 w - - 0 21
INFO:root:new boarding fen after white turn: r5rk/ppn1qp2/5p2/2p3B1/2p4Q/3P4/PPP3PP/R5K1 b - - 1 21
INFO:root:new boarding fen after black turn: r5r1/ppn1qpk1/5p2/2p3B1/2p4Q/3P4/PPP3PP/R5K1 w - - 2 22
INFO:root:new boarding fen after white turn: r5r1/ppn1qpk1/5p1Q/2p3B1/2p5/3P4/PPP3PP/R5K1 b - - 3 22
INFO:root:Checkmate! Game Ended
