INFO:root:new boarding fen after white turn: rnbqkbnr/pppppppp/8/8/4P3/8/PPPP1PPP/RNBQKBNR b KQkq - 0 1
INFO:root:new boarding fen after black turn: rnbqkbnr/pppp1ppp/8/4p3/4P3/8/PPPP1PPP/RNBQKBNR w KQkq - 0 2
INFO:root:new boarding fen after white turn: rnbqkbnr/pppp1ppp/8/4p3/4P3/3P4/PPP2PPP/RNBQKBNR b KQkq - 0 2
INFO:root:new boarding fen after black turn: rnbqkbnr/ppp2ppp/3p4/4p3/4P3/3P4/PPP2PPP/RNBQKBNR w KQkq - 0 3
INFO:root:new boarding fen after white turn: rnbqkbnr/ppp2ppp/3p4/4p3/4PP2/3P4/PPP3PP/RNBQKBNR b KQkq - 0 3
INFO:root:new boarding fen after black turn: rnb1kbnr/ppp2ppp/3p4/4p3/4PP1q/3P4/PPP3PP/RNBQKBNR w KQkq - 1 4
INFO:root:new boarding fen after white turn: rnb1kbnr/ppp2ppp/3p4/4p3/4PP1q/3P2P1/PPP4P/RNBQKBNR b KQkq - 0 4
INFO:root:new boarding fen after black turn: rnb1kbnr/ppp1qppp/3p4/4p3/4PP2/3P2P1/PPP4P/RNBQKBNR w KQkq - 1 5
INFO:root:new boarding fen after white turn: rnb1kbnr/ppp1qppp/3p4/4p3/4PP2/3P2P1/PPP3BP/RNBQK1NR b KQkq - 2 5
INFO:root:new boarding fen after black turn: rnb1kbnr/ppp1qp1p/3p2p1/4p3/4PP2/3P2P1/PPP3BP/RNBQK1NR w KQkq - 0 6
INFO:root:new boarding fen after white turn: rnb1kbnr/ppp1qp1p/3p2p1/4p3/4PP2/2NP2P1/PPP3BP/R1BQK1NR b KQkq - 1 6
INFO:root:new boarding fen after black turn: rnb1k1nr/ppp1qpbp/3p2p1/4p3/4PP2/2NP2P1/PPP3BP/R1BQK1NR w KQkq - 2 7
INFO:root:new boarding fen after white turn: rnb1k1nr/ppp1qpbp/3p2p1/4p3/4PP2/2NP1NP1/PPP3BP/R1BQK2R b KQkq - 3 7
INFO:root:new boarding fen after black turn: rnb1k2r/ppp1qpbp/3p1np1/4p3/4PP2/2NP1NP1/PPP3BP/R1BQK2R w KQkq - 4 8
INFO:root:new boarding fen after white turn: rnb1k2r/ppp1qpbp/3p1np1/4p3/4PP2/2NP1NP1/PPP3BP/R1BQ1RK1 b kq - 5 8
INFO:root:new boarding fen after black turn: rnb2rk1/ppp1qpbp/3p1np1/4p3/4PP2/2NP1NP1/PPP3BP/R1BQ1RK1 w - - 6 9
INFO:root:new boarding fen after white turn: rnb2rk1/ppp1qpbp/3p1np1/4p3/4PP2/2NP1NP1/PPP3BP/R1BQ1R1K b - - 7 9
INFO:root:new boarding fen after black turn: rnb2rk1/pp2qpbp/2pp1np1/4p3/4PP2/2NP1NP1/PPP3BP/R1BQ1R1K w - - 0 10
INFO:root:new boarding fen after white turn: rnb2rk1/pp2qpbp/2pp1np1/4pP2/4P3/2NP1NP1/PPP3BP/R1BQ1R1K b - - 0 10
INFO:root:new boarding fen after black turn: rn3rk1/pp2qpbp/2pp1np1/4pb2/4P3/2NP1NP1/PPP3BP/R1BQ1R1K w - - 0 11
INFO:root:new boarding fen after white turn: rnb2rk1/pp2qpbp/2pp1np1/4pP2/4P3/2NP1NP1/PPP3BP/R1BQ1R1K b - - 0 10
INFO:root:new boarding fen after black turn: rnb2rk1/pp2qpbp/2pp1n2/4pp2/4P3/2NP1NP1/PPP3BP/R1BQ1R1K w - - 0 11
INFO:root:new boarding fen after white turn: rnb2rk1/pp2qpbp/2pp1n2/4pp2/4P2N/2NP2P1/PPP3BP/R1BQ1R1K b - - 1 11
INFO:root:new boarding fen after black turn: rnb2rk1/pp2qpbp/2pp1n2/4p3/4p2N/2NP2P1/PPP3BP/R1BQ1R1K w - - 0 12
INFO:root:new boarding fen after white turn: rnb2rk1/pp2qpbp/2pp1n2/4p3/4P2N/2N3P1/PPP3BP/R1BQ1R1K b - - 0 12
INFO:root:new boarding fen after black turn: r1b2rk1/pp2qpbp/n1pp1n2/4p3/4P2N/2N3P1/PPP3BP/R1BQ1R1K w - - 1 13
INFO:root:new boarding fen after white turn: r1b2rk1/pp2qpbp/n1pp1n2/4p1B1/4P2N/2N3P1/PPP3BP/R2Q1R1K b - - 2 13
